#
# A fatal error has been detected by the Java Runtime Environment:
#
#  EXCEPTION_ACCESS_VIOLATION (0xc0000005) at pc=0x000000005d5ac300, pid=1488, tid=7136
#
# JRE version: Java(TM) SE Runtime Environment (7.0_45-b18) (build 1.7.0_45-b18)
# Java VM: Java HotSpot(TM) 64-Bit Server VM (24.45-b08 mixed mode windows-amd64 compressed oops)
# Problematic frame:
# C  [nvoglv64.DLL+0x98c300]
#
# Failed to write core dump. Minidumps are not enabled by default on client versions of Windows
#
# If you would like to submit a bug report, please visit:
#   http://bugreport.sun.com/bugreport/crash.jsp
# The crash happened outside the Java Virtual Machine in native code.
# See problematic frame for where to report the bug.
#

---------------  T H R E A D  ---------------

Current thread (0x0000000002380800):  JavaThread "main" [_thread_in_native, id=7136, stack(0x0000000002280000,0x0000000002380000)]

siginfo: ExceptionCode=0xc0000005, reading address 0x0000000000000000

Registers:
RAX=0x0000000000000006, RBX=0x000000001365dfe0, RCX=0x0000000000000000, RDX=0x0000000012f597a0
RSP=0x000000000237ef98, RBP=0x000000000000000c, RSI=0x0000000012f596f0, RDI=0x0000000000000000
R8 =0xffffffffec9a2020, R9 =0x000000001365dfe0, R10=0x000000005cc20000, R11=0x000000000237eff0
R12=0x0000000000000000, R13=0x0000000000000004, R14=0x0000000000000000, R15=0x0000000002380800
RIP=0x000000005d5ac300, EFLAGS=0x0000000000010283

Top of Stack: (sp=0x000000000237ef98)
0x000000000237ef98:   000000005d5ac09f 0000006ba7ca5096
0x000000000237efa8:   0000000060b7fe02 000000000237f0e0
0x000000000237efb8:   000000000000000b 0000000000000000
0x000000000237efc8:   000000005d5ab4cc 0000000012f59080
0x000000000237efd8:   000000000000000c 0000000000000020
0x000000000237efe8:   0000000000000000 0000000000000003
0x000000000237eff8:   0000000100000000 0000000000000000
0x000000000237f008:   0000000000000009 0000000000000000
0x000000000237f018:   0000000000000000 0000000000000000
0x000000000237f028:   0000000100000000 0000000400000002
0x000000000237f038:   0000001000000008 0000004000000020
0x000000000237f048:   0000010000000080 0000040000000200
0x000000000237f058:   0000100000000800 0000400000002000
0x000000000237f068:   0000000000008000 0000000000000010
0x000000000237f078:   0000140600000004 0000000000000020
0x000000000237f088:   0000000000000000 0000140600000003 

Instructions: (pc=0x000000005d5ac300)
0x000000005d5ac2e0:   43 0f b6 04 01 ff c1 4d 8d 49 01 41 88 41 ff 3b
0x000000005d5ac2f0:   4a 08 7c ec c3 33 c9 39 4a 08 7e 67 4d 2b c1 90
0x000000005d5ac300:   43 8b 04 01 ff c1 4d 8d 49 04 41 89 41 fc 3b 4a
0x000000005d5ac310:   08 7c ed c3 3d 0e 14 00 00 72 48 3d 0f 14 00 00 


Register to memory mapping:

RAX=0x0000000000000006 is an unknown value
RBX=0x000000001365dfe0 is an unknown value
RCX=0x0000000000000000 is an unknown value
RDX=0x0000000012f597a0 is an unknown value
RSP=0x000000000237ef98 is pointing into the stack for thread: 0x0000000002380800
RBP=0x000000000000000c is an unknown value
RSI=0x0000000012f596f0 is an unknown value
RDI=0x0000000000000000 is an unknown value
R8 =0xffffffffec9a2020 is an unknown value
R9 =0x000000001365dfe0 is an unknown value
R10=0x000000005cc20000 is an unknown value
R11=0x000000000237eff0 is pointing into the stack for thread: 0x0000000002380800
R12=0x0000000000000000 is an unknown value
R13=0x0000000000000004 is an unknown value
R14=0x0000000000000000 is an unknown value
R15=0x0000000002380800 is a thread


Stack: [0x0000000002280000,0x0000000002380000],  sp=0x000000000237ef98,  free space=1019k
Native frames: (J=compiled Java code, j=interpreted, Vv=VM code, C=native code)
C  [nvoglv64.DLL+0x98c300]

Java frames: (J=compiled Java code, j=interpreted, Vv=VM code)
j  org.lwjgl.opengl.GL11.nglDrawArrays(IIIJ)V+0
j  org.lwjgl.opengl.GL11.glDrawArrays(III)V+20
j  prototype.PrototypeGLContext.render()V+115
j  prototype.Application.begin()V+12
j  prototype.Application.<init>()V+24
j  prototype.PrototypeGLContext.<init>()V+1
j  prototype.PrototypeGLContext.main([Ljava/lang/String;)V+3
v  ~StubRoutines::call_stub

---------------  P R O C E S S  ---------------

Java Threads: ( => current thread )
  0x00000000155eb800 JavaThread "Java2D Disposer" daemon [_thread_blocked, id=1732, stack(0x0000000015fa0000,0x00000000160a0000)]
  0x0000000002475800 JavaThread "Service Thread" daemon [_thread_blocked, id=6432, stack(0x0000000011e40000,0x0000000011f40000)]
  0x0000000002471800 JavaThread "C2 CompilerThread1" daemon [_thread_blocked, id=6672, stack(0x0000000011d40000,0x0000000011e40000)]
  0x0000000011660800 JavaThread "C2 CompilerThread0" daemon [_thread_blocked, id=1632, stack(0x0000000011c40000,0x0000000011d40000)]
  0x000000000246d800 JavaThread "Attach Listener" daemon [_thread_blocked, id=5968, stack(0x0000000011b40000,0x0000000011c40000)]
  0x0000000002468800 JavaThread "Signal Dispatcher" daemon [_thread_blocked, id=2040, stack(0x0000000011a40000,0x0000000011b40000)]
  0x000000000f64e800 JavaThread "Finalizer" daemon [_thread_blocked, id=7460, stack(0x0000000011540000,0x0000000011640000)]
  0x000000000f647000 JavaThread "Reference Handler" daemon [_thread_blocked, id=2916, stack(0x0000000011440000,0x0000000011540000)]
=>0x0000000002380800 JavaThread "main" [_thread_in_native, id=7136, stack(0x0000000002280000,0x0000000002380000)]

Other Threads:
  0x000000000f645800 VMThread [stack: 0x0000000011340000,0x0000000011440000] [id=2076]
  0x0000000002479000 WatcherThread [stack: 0x0000000011f40000,0x0000000012040000] [id=8744]

VM state:not at safepoint (normal execution)

VM Mutex/Monitor currently owned by a thread: None

Heap
 PSYoungGen      total 76288K, used 9206K [0x00000007ab100000, 0x00000007b0600000, 0x0000000800000000)
  eden space 65536K, 14% used [0x00000007ab100000,0x00000007ab9fdb00,0x00000007af100000)
  from space 10752K, 0% used [0x00000007afb80000,0x00000007afb80000,0x00000007b0600000)
  to   space 10752K, 0% used [0x00000007af100000,0x00000007af100000,0x00000007afb80000)
 ParOldGen       total 173568K, used 0K [0x0000000701400000, 0x000000070bd80000, 0x00000007ab100000)
  object space 173568K, 0% used [0x0000000701400000,0x0000000701400000,0x000000070bd80000)
 PSPermGen       total 21504K, used 7514K [0x00000006fc200000, 0x00000006fd700000, 0x0000000701400000)
  object space 21504K, 34% used [0x00000006fc200000,0x00000006fc956bc0,0x00000006fd700000)

Card table byte_map: [0x0000000005480000,0x0000000005ca0000] byte_map_base: 0x0000000001c9f000

Polling page: 0x0000000000880000

Code Cache  [0x0000000002480000, 0x00000000026f0000, 0x0000000005480000)
 total_blobs=472 nmethods=37 adapters=388 free_code_cache=48529Kb largest_free_block=49657024

Compilation events (10 events):
Event: 0.625 Thread 0x0000000002471800 nmethod 29 0x0000000002512250 code [0x00000000025125a0, 0x0000000002513520]
Event: 0.625 Thread 0x0000000002471800   34 %           sun.java2d.loops.OpaqueCopyAnyToArgb::Blit @ 163 (234 bytes)
Event: 0.625 Thread 0x0000000011660800 nmethod 33 0x0000000002509d10 code [0x0000000002509ec0, 0x000000000250a130]
Event: 0.629 Thread 0x0000000011660800   35             java.awt.image.ComponentColorModel::getDataElements (3206 bytes)
Event: 0.632 Thread 0x0000000002471800 nmethod 34% 0x0000000002516d90 code [0x0000000002516f20, 0x0000000002517a58]
Event: 0.632 Thread 0x0000000002471800   36             sun.awt.image.ByteInterleavedRaster::setDataElements (119 bytes)
Event: 0.634 Thread 0x0000000002471800 nmethod 36 0x000000000250ccd0 code [0x000000000250ce20, 0x000000000250d078]
Event: 0.652 Thread 0x0000000002471800   37 %           sun.java2d.loops.OpaqueCopyArgbToAny::Blit @ 172 (232 bytes)
Event: 0.663 Thread 0x0000000002471800 nmethod 37% 0x0000000002518350 code [0x00000000025184e0, 0x0000000002518e28]
Event: 0.704 Thread 0x0000000011660800 nmethod 35 0x000000000251e110 code [0x000000000251e6a0, 0x00000000025227e0]

GC Heap History (0 events):
No events

Deoptimization events (0 events):
No events

Internal exceptions (10 events):
Event: 0.532 Thread 0x0000000002380800 Threw 0x00000007ab4f3ed8 at C:\re\jdk7u45\229\hotspot\src\share\vm\prims\jvm.cpp:1244
Event: 0.532 Thread 0x0000000002380800 Threw 0x00000007ab4f7610 at C:\re\jdk7u45\229\hotspot\src\share\vm\prims\jvm.cpp:1244
Event: 0.532 Thread 0x0000000002380800 Threw 0x00000007ab4f7838 at C:\re\jdk7u45\229\hotspot\src\share\vm\prims\jvm.cpp:1244
Event: 0.534 Thread 0x0000000002380800 Threw 0x00000007ab518130 at C:\re\jdk7u45\229\hotspot\src\share\vm\prims\jvm.cpp:1244
Event: 0.541 Thread 0x0000000002380800 Threw 0x00000007ab5254a8 at C:\re\jdk7u45\229\hotspot\src\share\vm\prims\jvm.cpp:1244
Event: 0.541 Thread 0x0000000002380800 Threw 0x00000007ab526830 at C:\re\jdk7u45\229\hotspot\src\share\vm\prims\jvm.cpp:1244
Event: 0.542 Thread 0x0000000002380800 Threw 0x00000007ab528a80 at C:\re\jdk7u45\229\hotspot\src\share\vm\prims\jni.cpp:717
Event: 0.597 Thread 0x0000000002380800 Threw 0x00000007ab61f310 at C:\re\jdk7u45\229\hotspot\src\share\vm\prims\jni.cpp:717
Event: 0.706 Thread 0x0000000002380800 Threw 0x00000007ab8c1430 at C:\re\jdk7u45\229\hotspot\src\share\vm\prims\jvm.cpp:1244
Event: 0.707 Thread 0x0000000002380800 Threw 0x00000007ab8c9cb8 at C:\re\jdk7u45\229\hotspot\src\share\vm\prims\jvm.cpp:1244

Events (10 events):
Event: 0.608 loading class 0x00000000116e1120
Event: 0.608 loading class 0x00000000116e1120 done
Event: 0.610 loading class 0x00000000118cf3c0
Event: 0.610 loading class 0x00000000118cc7f0
Event: 0.610 loading class 0x00000000118cc7f0 done
Event: 0.610 loading class 0x00000000118cf3c0 done
Event: 0.706 loading class 0x00000000117c9870
Event: 0.706 loading class 0x00000000117c9870 done
Event: 0.707 loading class 0x0000000002474f80
Event: 0.707 loading class 0x0000000002474f80 done


Dynamic libraries:
0x00007ff7a9c70000 - 0x00007ff7a9ca3000 	C:\Program Files\Java\jre7\bin\javaw.exe
0x00007fffbdbd0000 - 0x00007fffbdd79000 	C:\WINDOWS\SYSTEM32\ntdll.dll
0x00007fffbbd90000 - 0x00007fffbbec9000 	C:\WINDOWS\system32\KERNEL32.DLL
0x00007fffbb350000 - 0x00007fffbb45e000 	C:\WINDOWS\system32\KERNELBASE.dll
0x00007fffb9b80000 - 0x00007fffb9c0b000 	C:\WINDOWS\system32\apphelp.dll
0x00007fffa3310000 - 0x00007fffa335f000 	C:\WINDOWS\AppPatch\AppPatch64\AcGenral.DLL
0x00007fffbc340000 - 0x00007fffbc3e7000 	C:\WINDOWS\system32\msvcrt.dll
0x00007fffbad30000 - 0x00007fffbad5b000 	C:\WINDOWS\SYSTEM32\SspiCli.dll
0x00007fffbc230000 - 0x00007fffbc281000 	C:\WINDOWS\system32\SHLWAPI.dll
0x00007fffbb510000 - 0x00007fffbb681000 	C:\WINDOWS\system32\USER32.dll
0x00007fffbb6f0000 - 0x00007fffbb866000 	C:\WINDOWS\system32\ole32.dll
0x00007fffbc3f0000 - 0x00007fffbd7ff000 	C:\WINDOWS\system32\SHELL32.dll
0x00007fffba560000 - 0x00007fffba57f000 	C:\WINDOWS\SYSTEM32\USERENV.dll
0x00007fffbb460000 - 0x00007fffbb505000 	C:\WINDOWS\system32\ADVAPI32.dll
0x00007fffacc40000 - 0x00007fffacc5b000 	C:\WINDOWS\SYSTEM32\MPR.dll
0x00007fffbbab0000 - 0x00007fffbbbe6000 	C:\WINDOWS\system32\RPCRT4.dll
0x00007fffbb690000 - 0x00007fffbb6e7000 	C:\WINDOWS\SYSTEM32\sechost.dll
0x00007fffbb8d0000 - 0x00007fffbbaa7000 	C:\WINDOWS\SYSTEM32\combase.dll
0x00007fffbd890000 - 0x00007fffbd9d5000 	C:\WINDOWS\system32\GDI32.dll
0x00007fffbaf50000 - 0x00007fffbaf64000 	C:\WINDOWS\SYSTEM32\profapi.dll
0x00007fffb9840000 - 0x00007fffb98e1000 	C:\WINDOWS\SYSTEM32\SHCORE.dll
0x00007fffbbed0000 - 0x00007fffbbf04000 	C:\WINDOWS\system32\IMM32.DLL
0x00007fffbbf10000 - 0x00007fffbc048000 	C:\WINDOWS\system32\MSCTF.dll
0x00007fffb9140000 - 0x00007fffb939a000 	C:\WINDOWS\WinSxS\amd64_microsoft.windows.common-controls_6595b64144ccf1df_6.0.9600.16384_none_62475f7becb72503\COMCTL32.dll
0x00000000610f0000 - 0x00000000611c2000 	C:\Program Files\Java\jre7\bin\msvcr100.dll
0x00000000608a0000 - 0x0000000061069000 	C:\Program Files\Java\jre7\bin\server\jvm.dll
0x00007fff9fd60000 - 0x00007fff9fd69000 	C:\WINDOWS\SYSTEM32\WSOCK32.dll
0x00007fffb6dc0000 - 0x00007fffb6ddf000 	C:\WINDOWS\SYSTEM32\WINMM.dll
0x00007fffbc180000 - 0x00007fffbc187000 	C:\WINDOWS\system32\PSAPI.DLL
0x00007fffbc050000 - 0x00007fffbc0a8000 	C:\WINDOWS\system32\WS2_32.dll
0x00007fffb6d80000 - 0x00007fffb6daa000 	C:\WINDOWS\SYSTEM32\WINMMBASE.dll
0x00007fffbc0b0000 - 0x00007fffbc0b9000 	C:\WINDOWS\system32\NSI.dll
0x00007fffbb020000 - 0x00007fffbb06a000 	C:\WINDOWS\SYSTEM32\cfgmgr32.dll
0x00007fffb9de0000 - 0x00007fffb9e06000 	C:\WINDOWS\SYSTEM32\DEVOBJ.dll
0x0000000061380000 - 0x000000006138f000 	C:\Program Files\Java\jre7\bin\verify.dll
0x00000000610c0000 - 0x00000000610e8000 	C:\Program Files\Java\jre7\bin\java.dll
0x00000000610a0000 - 0x00000000610b5000 	C:\Program Files\Java\jre7\bin\zip.dll
0x0000000180000000 - 0x0000000180051000 	C:\Users\Kapil\Documents\dev\lwjgl-2.9.1\native\windows\lwjgl64.dll
0x00007fff9f970000 - 0x00007fff9fa91000 	C:\WINDOWS\SYSTEM32\OPENGL32.dll
0x00007fffb6de0000 - 0x00007fffb6dea000 	C:\WINDOWS\SYSTEM32\VERSION.dll
0x00007fff9f940000 - 0x00007fff9f96c000 	C:\WINDOWS\SYSTEM32\GLU32.dll
0x00007fff9f840000 - 0x00007fff9f934000 	C:\WINDOWS\SYSTEM32\DDRAW.dll
0x00007fff9f830000 - 0x00007fff9f839000 	C:\WINDOWS\SYSTEM32\DCIMAN32.dll
0x00007fffb9c60000 - 0x00007fffb9d82000 	C:\WINDOWS\system32\uxtheme.dll
0x00007fffae6f0000 - 0x00007fffae6f8000 	c:\PROGRA~2\mcafee\SITEAD~1\x64\saHook.dll
0x00007fffbc0c0000 - 0x00007fffbc177000 	C:\WINDOWS\system32\OLEAUT32.dll
0x00007fffb9640000 - 0x00007fffb9661000 	C:\WINDOWS\system32\dwmapi.dll
0x000000005cc20000 - 0x000000005e94b000 	C:\WINDOWS\SYSTEM32\nvoglv64.DLL
0x00007fffbd9e0000 - 0x00007fffbdbb6000 	C:\WINDOWS\system32\SETUPAPI.dll
0x00007fffbb120000 - 0x00007fffbb16e000 	C:\WINDOWS\system32\WINTRUST.dll
0x00007fffbb170000 - 0x00007fffbb347000 	C:\WINDOWS\system32\CRYPT32.dll
0x00007fffbb000000 - 0x00007fffbb012000 	C:\WINDOWS\system32\MSASN1.dll
0x00007fffb3680000 - 0x00007fffb36b0000 	C:\WINDOWS\SYSTEM32\ntmarta.dll
0x00007fffbaef0000 - 0x00007fffbaf35000 	C:\WINDOWS\SYSTEM32\powrprof.dll
0x00007fffb9c20000 - 0x00007fffb9c2a000 	C:\WINDOWS\SYSTEM32\kernel.appcore.dll
0x00007fffbadc0000 - 0x00007fffbadca000 	C:\WINDOWS\SYSTEM32\CRYPTBASE.dll
0x00007fffbad60000 - 0x00007fffbadbe000 	C:\WINDOWS\SYSTEM32\bcryptPrimitives.dll
0x00007fffb8850000 - 0x00007fffb88dd000 	C:\WINDOWS\SYSTEM32\mscms.dll
0x00007fffa3080000 - 0x00007fffa30c1000 	C:\WINDOWS\SYSTEM32\icm32.dll
0x0000000060880000 - 0x0000000060899000 	C:\Program Files\Java\jre7\bin\net.dll
0x00007fffba7b0000 - 0x00007fffba808000 	C:\WINDOWS\system32\mswsock.dll
0x0000000060860000 - 0x0000000060871000 	C:\Program Files\Java\jre7\bin\nio.dll
0x00000000606c0000 - 0x0000000060855000 	C:\Program Files\Java\jre7\bin\awt.dll
0x00007fffba810000 - 0x00007fffba82e000 	C:\WINDOWS\SYSTEM32\CRYPTSP.dll
0x00007fffba450000 - 0x00007fffba485000 	C:\WINDOWS\system32\rsaenh.dll
0x00007fffbaa40000 - 0x00007fffbaa66000 	C:\WINDOWS\SYSTEM32\bcrypt.dll
0x00007fffaa940000 - 0x00007fffaa954000 	C:\WINDOWS\system32\napinsp.dll
0x00007fffa94f0000 - 0x00007fffa9509000 	C:\WINDOWS\system32\pnrpnsp.dll
0x00007fffb6760000 - 0x00007fffb6779000 	C:\WINDOWS\system32\NLAapi.dll
0x00007fffba5c0000 - 0x00007fffba663000 	C:\WINDOWS\SYSTEM32\DNSAPI.dll
0x00007fffa94e0000 - 0x00007fffa94ec000 	C:\WINDOWS\System32\winrnr.dll
0x00007fffa94c0000 - 0x00007fffa94d3000 	C:\WINDOWS\system32\wshbth.dll
0x00007fffab460000 - 0x00007fffab469000 	C:\Windows\System32\rasadhlp.dll
0x00007fffb4960000 - 0x00007fffb4989000 	C:\WINDOWS\SYSTEM32\IPHLPAPI.DLL
0x00007fffb4940000 - 0x00007fffb494a000 	C:\WINDOWS\SYSTEM32\WINNSI.DLL
0x00007fffb4580000 - 0x00007fffb45e7000 	C:\WINDOWS\System32\fwpuclnt.dll
0x0000000060690000 - 0x00000000606c0000 	C:\Program Files\Java\jre7\bin\jpeg.dll
0x00007fffa50e0000 - 0x00007fffa5268000 	C:\WINDOWS\SYSTEM32\dbghelp.dll

VM Arguments:
jvm_args: -Djava.library.path=C:\Users\Kapil\Documents\dev\lwjgl-2.9.1\native\windows -Dfile.encoding=Cp1252 
java_command: prototype.PrototypeGLContext
Launcher Type: SUN_STANDARD

Environment Variables:
PATH=C:/Program Files/Java/jdk1.7.0_45/bin/../jre/bin/server;C:/Program Files/Java/jdk1.7.0_45/bin/../jre/bin;C:/Program Files/Java/jdk1.7.0_45/bin/../jre/lib/amd64;C:\Program Files\Java\jdk1.7.0_45\bin;C:\Program Files (x86)\NVIDIA Corporation\PhysX\Common;C:\Program Files (x86)\Intel\iCLS Client\;C:\Program Files\Intel\iCLS Client\;C:\WINDOWS\system32;C:\WINDOWS;C:\WINDOWS\System32\Wbem;C:\WINDOWS\System32\WindowsPowerShell\v1.0\;C:\Program Files (x86)\Windows Live\Shared;C:\Program Files\Intel\Intel(R) Management Engine Components\DAL;C:\Program Files\Intel\Intel(R) Management Engine Components\IPT;C:\Program Files (x86)\Intel\Intel(R) Management Engine Components\DAL;C:\Program Files (x86)\Intel\Intel(R) Management Engine Components\IPT;C:\Program Files\Microsoft\Web Platform Installer\;C:\Program Files\Microsoft SQL Server\110\Tools\Binn\;C:\Program Files (x86)\Windows Kits\8.1\Windows Performance Toolkit\;C:\Program Files (x86)\Microsoft SDKs\TypeScript\;C:\Users\Kapil\Desktop\eclipse;
USERNAME=Kapil
OS=Windows_NT
PROCESSOR_IDENTIFIER=Intel64 Family 6 Model 60 Stepping 3, GenuineIntel



---------------  S Y S T E M  ---------------

OS: Windows 8 , 64 bit Build 9200 

CPU:total 8 (4 cores per cpu, 2 threads per core) family 6 model 60 stepping 3, cmov, cx8, fxsr, mmx, sse, sse2, sse3, ssse3, sse4.1, sse4.2, popcnt, avx, avx2, aes, erms, ht, tsc, tscinvbit

Memory: 4k page, physical 16692712k(11814784k free), swap 19183080k(13254184k free)

vm_info: Java HotSpot(TM) 64-Bit Server VM (24.45-b08) for windows-amd64 JRE (1.7.0_45-b18), built on Oct  8 2013 05:47:22 by "java_re" with unknown MS VC++:1600

time: Wed Jan 08 16:59:44 2014
elapsed time: 0 seconds

