#
# A fatal error has been detected by the Java Runtime Environment:
#
#  EXCEPTION_ACCESS_VIOLATION (0xc0000005) at pc=0x000000005d5ac300, pid=7336, tid=4088
#
# JRE version: Java(TM) SE Runtime Environment (7.0_45-b18) (build 1.7.0_45-b18)
# Java VM: Java HotSpot(TM) 64-Bit Server VM (24.45-b08 mixed mode windows-amd64 compressed oops)
# Problematic frame:
# C  [nvoglv64.DLL+0x98c300]
#
# Failed to write core dump. Minidumps are not enabled by default on client versions of Windows
#
# If you would like to submit a bug report, please visit:
#   http://bugreport.sun.com/bugreport/crash.jsp
# The crash happened outside the Java Virtual Machine in native code.
# See problematic frame for where to report the bug.
#

---------------  T H R E A D  ---------------

Current thread (0x0000000002bf0800):  JavaThread "main" [_thread_in_native, id=4088, stack(0x0000000002af0000,0x0000000002bf0000)]

siginfo: ExceptionCode=0xc0000005, reading address 0x0000000000000000

Registers:
RAX=0x0000000000000006, RBX=0x0000000013f3e280, RCX=0x0000000000000000, RDX=0x0000000013837770
RSP=0x0000000002bef098, RBP=0x0000000000000000, RSI=0x00000000138376f0, RDI=0x0000000000000000
R8 =0xffffffffec0c1d80, R9 =0x0000000013f3e280, R10=0x000000005cc20000, R11=0x0000000002bef0f0
R12=0x0000000000000000, R13=0x0000000000000004, R14=0x0000000000000000, R15=0x0000000002bf0800
RIP=0x000000005d5ac300, EFLAGS=0x0000000000010283

Top of Stack: (sp=0x0000000002bef098)
0x0000000002bef098:   000000005d5ac1e8 0000006ac519d95a
0x0000000002bef0a8:   0000000060b7fe02 0000000002bef1e0
0x0000000002bef0b8:   000000000000000b 0000000000000000
0x0000000002bef0c8:   000000005d5ab4cc 0000000013837080
0x0000000002bef0d8:   000000000000000c 0000000000000010
0x0000000002bef0e8:   0000000000000000 0000000000000003
0x0000000002bef0f8:   0000000200000000 0000000000000000
0x0000000002bef108:   0000000000000001 0000000000000000
0x0000000002bef118:   0000000000000000 0000000000000000
0x0000000002bef128:   0000000100000000 0000000400000002
0x0000000002bef138:   0000001000000008 0000004000000020
0x0000000002bef148:   0000010000000080 0000040000000200
0x0000000002bef158:   0000100000000800 0000400000002000
0x0000000002bef168:   0000000000008000 0000000000000000
0x0000000002bef178:   0000140600000004 0000000000000010
0x0000000002bef188:   0000000000000000 0000140600000003 

Instructions: (pc=0x000000005d5ac300)
0x000000005d5ac2e0:   43 0f b6 04 01 ff c1 4d 8d 49 01 41 88 41 ff 3b
0x000000005d5ac2f0:   4a 08 7c ec c3 33 c9 39 4a 08 7e 67 4d 2b c1 90
0x000000005d5ac300:   43 8b 04 01 ff c1 4d 8d 49 04 41 89 41 fc 3b 4a
0x000000005d5ac310:   08 7c ed c3 3d 0e 14 00 00 72 48 3d 0f 14 00 00 


Register to memory mapping:

RAX=0x0000000000000006 is an unknown value
RBX=0x0000000013f3e280 is an unknown value
RCX=0x0000000000000000 is an unknown value
RDX=0x0000000013837770 is an unknown value
RSP=0x0000000002bef098 is pointing into the stack for thread: 0x0000000002bf0800
RBP=0x0000000000000000 is an unknown value
RSI=0x00000000138376f0 is an unknown value
RDI=0x0000000000000000 is an unknown value
R8 =0xffffffffec0c1d80 is an unknown value
R9 =0x0000000013f3e280 is an unknown value
R10=0x000000005cc20000 is an unknown value
R11=0x0000000002bef0f0 is pointing into the stack for thread: 0x0000000002bf0800
R12=0x0000000000000000 is an unknown value
R13=0x0000000000000004 is an unknown value
R14=0x0000000000000000 is an unknown value
R15=0x0000000002bf0800 is a thread


Stack: [0x0000000002af0000,0x0000000002bf0000],  sp=0x0000000002bef098,  free space=1020k
Native frames: (J=compiled Java code, j=interpreted, Vv=VM code, C=native code)
C  [nvoglv64.DLL+0x98c300]

[error occurred during error reporting (printing native stack), id 0xc0000005]

Java frames: (J=compiled Java code, j=interpreted, Vv=VM code)
j  org.lwjgl.opengl.GL11.nglDrawArrays(IIIJ)V+0
j  org.lwjgl.opengl.GL11.glDrawArrays(III)V+20
j  prototype.PrototypeGLContext.render()V+64
j  prototype.Application.begin()V+12
j  prototype.Application.<init>()V+24
j  prototype.PrototypeGLContext.<init>()V+1
j  prototype.PrototypeGLContext.main([Ljava/lang/String;)V+3
v  ~StubRoutines::call_stub

---------------  P R O C E S S  ---------------

Java Threads: ( => current thread )
  0x00000000120d3800 JavaThread "Java2D Disposer" daemon [_thread_blocked, id=4936, stack(0x0000000016880000,0x0000000016980000)]
  0x0000000002ceb000 JavaThread "Service Thread" daemon [_thread_blocked, id=9172, stack(0x0000000012750000,0x0000000012850000)]
  0x0000000011f71800 JavaThread "C2 CompilerThread1" daemon [_thread_blocked, id=8284, stack(0x0000000012650000,0x0000000012750000)]
  0x0000000011f70800 JavaThread "C2 CompilerThread0" daemon [_thread_blocked, id=3524, stack(0x0000000012550000,0x0000000012650000)]
  0x0000000002cdd800 JavaThread "Attach Listener" daemon [_thread_blocked, id=7088, stack(0x0000000012450000,0x0000000012550000)]
  0x0000000002cd8800 JavaThread "Signal Dispatcher" daemon [_thread_blocked, id=6200, stack(0x0000000012350000,0x0000000012450000)]
  0x000000000ff7d800 JavaThread "Finalizer" daemon [_thread_blocked, id=6156, stack(0x0000000011e50000,0x0000000011f50000)]
  0x000000000ff77000 JavaThread "Reference Handler" daemon [_thread_blocked, id=3228, stack(0x0000000011d50000,0x0000000011e50000)]
=>0x0000000002bf0800 JavaThread "main" [_thread_in_native, id=4088, stack(0x0000000002af0000,0x0000000002bf0000)]

Other Threads:
  0x000000000ff75800 VMThread [stack: 0x0000000011c50000,0x0000000011d50000] [id=6420]
  0x0000000011f8a000 WatcherThread [stack: 0x0000000012850000,0x0000000012950000] [id=5044]

VM state:not at safepoint (normal execution)

VM Mutex/Monitor currently owned by a thread: None

Heap
 PSYoungGen      total 76288K, used 9206K [0x00000007ab100000, 0x00000007b0600000, 0x0000000800000000)
  eden space 65536K, 14% used [0x00000007ab100000,0x00000007ab9fdac0,0x00000007af100000)
  from space 10752K, 0% used [0x00000007afb80000,0x00000007afb80000,0x00000007b0600000)
  to   space 10752K, 0% used [0x00000007af100000,0x00000007af100000,0x00000007afb80000)
 ParOldGen       total 173568K, used 0K [0x0000000701400000, 0x000000070bd80000, 0x00000007ab100000)
  object space 173568K, 0% used [0x0000000701400000,0x0000000701400000,0x000000070bd80000)
 PSPermGen       total 21504K, used 7514K [0x00000006fc200000, 0x00000006fd700000, 0x0000000701400000)
  object space 21504K, 34% used [0x00000006fc200000,0x00000006fc956ad0,0x00000006fd700000)

Card table byte_map: [0x0000000005db0000,0x00000000065d0000] byte_map_base: 0x00000000025cf000

Polling page: 0x00000000010f0000

Code Cache  [0x0000000002cf0000, 0x0000000002f60000, 0x0000000005cf0000)
 total_blobs=472 nmethods=37 adapters=388 free_code_cache=48529Kb largest_free_block=49652352

Compilation events (10 events):
Event: 0.599 Thread 0x0000000011f71800 nmethod 29 0x0000000002d81f90 code [0x0000000002d822e0, 0x0000000002d83260]
Event: 0.599 Thread 0x0000000011f71800   34 %           sun.java2d.loops.OpaqueCopyAnyToArgb::Blit @ 163 (234 bytes)
Event: 0.600 Thread 0x0000000011f70800 nmethod 33 0x0000000002d7a210 code [0x0000000002d7a3c0, 0x0000000002d7a630]
Event: 0.603 Thread 0x0000000011f70800   35             java.awt.image.ComponentColorModel::getDataElements (3206 bytes)
Event: 0.607 Thread 0x0000000011f71800 nmethod 34% 0x0000000002d87fd0 code [0x0000000002d88160, 0x0000000002d88c98]
Event: 0.607 Thread 0x0000000011f71800   36             sun.awt.image.ByteInterleavedRaster::setDataElements (119 bytes)
Event: 0.609 Thread 0x0000000011f71800 nmethod 36 0x0000000002d78550 code [0x0000000002d786a0, 0x0000000002d788f8]
Event: 0.630 Thread 0x0000000011f71800   37 %           sun.java2d.loops.OpaqueCopyArgbToAny::Blit @ 172 (232 bytes)
Event: 0.641 Thread 0x0000000011f71800 nmethod 37% 0x0000000002d89590 code [0x0000000002d89720, 0x0000000002d8a068]
Event: 0.682 Thread 0x0000000011f70800 nmethod 35 0x0000000002d8f350 code [0x0000000002d8f8e0, 0x0000000002d93a20]

GC Heap History (0 events):
No events

Deoptimization events (0 events):
No events

Internal exceptions (10 events):
Event: 0.508 Thread 0x0000000002bf0800 Threw 0x00000007ab4f3e90 at C:\re\jdk7u45\229\hotspot\src\share\vm\prims\jvm.cpp:1244
Event: 0.509 Thread 0x0000000002bf0800 Threw 0x00000007ab4f75c8 at C:\re\jdk7u45\229\hotspot\src\share\vm\prims\jvm.cpp:1244
Event: 0.509 Thread 0x0000000002bf0800 Threw 0x00000007ab4f77f0 at C:\re\jdk7u45\229\hotspot\src\share\vm\prims\jvm.cpp:1244
Event: 0.510 Thread 0x0000000002bf0800 Threw 0x00000007ab5180e8 at C:\re\jdk7u45\229\hotspot\src\share\vm\prims\jvm.cpp:1244
Event: 0.517 Thread 0x0000000002bf0800 Threw 0x00000007ab525460 at C:\re\jdk7u45\229\hotspot\src\share\vm\prims\jvm.cpp:1244
Event: 0.518 Thread 0x0000000002bf0800 Threw 0x00000007ab5267e8 at C:\re\jdk7u45\229\hotspot\src\share\vm\prims\jvm.cpp:1244
Event: 0.518 Thread 0x0000000002bf0800 Threw 0x00000007ab528a38 at C:\re\jdk7u45\229\hotspot\src\share\vm\prims\jni.cpp:717
Event: 0.573 Thread 0x0000000002bf0800 Threw 0x00000007ab61eb28 at C:\re\jdk7u45\229\hotspot\src\share\vm\prims\jni.cpp:717
Event: 0.684 Thread 0x0000000002bf0800 Threw 0x00000007ab8c0c10 at C:\re\jdk7u45\229\hotspot\src\share\vm\prims\jvm.cpp:1244
Event: 0.685 Thread 0x0000000002bf0800 Threw 0x00000007ab8c9398 at C:\re\jdk7u45\229\hotspot\src\share\vm\prims\jvm.cpp:1244

Events (10 events):
Event: 0.583 loading class 0x0000000012104bc0
Event: 0.583 loading class 0x0000000012104bc0 done
Event: 0.584 loading class 0x00000000121cf210
Event: 0.584 loading class 0x00000000121cc640
Event: 0.584 loading class 0x00000000121cc640 done
Event: 0.584 loading class 0x00000000121cf210 done
Event: 0.684 loading class 0x00000000120d8f50
Event: 0.684 loading class 0x00000000120d8f50 done
Event: 0.685 loading class 0x0000000002cea090
Event: 0.685 loading class 0x0000000002cea090 done


Dynamic libraries:
0x00007ff7a9c70000 - 0x00007ff7a9ca3000 	C:\Program Files\Java\jre7\bin\javaw.exe
0x00007fffbdbd0000 - 0x00007fffbdd79000 	C:\WINDOWS\SYSTEM32\ntdll.dll
0x00007fffbbd90000 - 0x00007fffbbec9000 	C:\WINDOWS\system32\KERNEL32.DLL
0x00007fffbb350000 - 0x00007fffbb45e000 	C:\WINDOWS\system32\KERNELBASE.dll
0x00007fffb9b80000 - 0x00007fffb9c0b000 	C:\WINDOWS\system32\apphelp.dll
0x00007fffa3080000 - 0x00007fffa30cf000 	C:\WINDOWS\AppPatch\AppPatch64\AcGenral.DLL
0x00007fffbc340000 - 0x00007fffbc3e7000 	C:\WINDOWS\system32\msvcrt.dll
0x00007fffbad30000 - 0x00007fffbad5b000 	C:\WINDOWS\SYSTEM32\SspiCli.dll
0x00007fffbc230000 - 0x00007fffbc281000 	C:\WINDOWS\system32\SHLWAPI.dll
0x00007fffbb510000 - 0x00007fffbb681000 	C:\WINDOWS\system32\USER32.dll
0x00007fffbb6f0000 - 0x00007fffbb866000 	C:\WINDOWS\system32\ole32.dll
0x00007fffbc3f0000 - 0x00007fffbd7ff000 	C:\WINDOWS\system32\SHELL32.dll
0x00007fffba560000 - 0x00007fffba57f000 	C:\WINDOWS\SYSTEM32\USERENV.dll
0x00007fffbb460000 - 0x00007fffbb505000 	C:\WINDOWS\system32\ADVAPI32.dll
0x00007fffacc40000 - 0x00007fffacc5b000 	C:\WINDOWS\SYSTEM32\MPR.dll
0x00007fffbbab0000 - 0x00007fffbbbe6000 	C:\WINDOWS\system32\RPCRT4.dll
0x00007fffbb690000 - 0x00007fffbb6e7000 	C:\WINDOWS\SYSTEM32\sechost.dll
0x00007fffbb8d0000 - 0x00007fffbbaa7000 	C:\WINDOWS\SYSTEM32\combase.dll
0x00007fffbd890000 - 0x00007fffbd9d5000 	C:\WINDOWS\system32\GDI32.dll
0x00007fffbaf50000 - 0x00007fffbaf64000 	C:\WINDOWS\SYSTEM32\profapi.dll
0x00007fffb9840000 - 0x00007fffb98e1000 	C:\WINDOWS\SYSTEM32\SHCORE.dll
0x00007fffbbed0000 - 0x00007fffbbf04000 	C:\WINDOWS\system32\IMM32.DLL
0x00007fffbbf10000 - 0x00007fffbc048000 	C:\WINDOWS\system32\MSCTF.dll
0x00007fffb9140000 - 0x00007fffb939a000 	C:\WINDOWS\WinSxS\amd64_microsoft.windows.common-controls_6595b64144ccf1df_6.0.9600.16384_none_62475f7becb72503\COMCTL32.dll
0x00000000610f0000 - 0x00000000611c2000 	C:\Program Files\Java\jre7\bin\msvcr100.dll
0x00000000608a0000 - 0x0000000061069000 	C:\Program Files\Java\jre7\bin\server\jvm.dll
0x00007fff9fd60000 - 0x00007fff9fd69000 	C:\WINDOWS\SYSTEM32\WSOCK32.dll
0x00007fffb6dc0000 - 0x00007fffb6ddf000 	C:\WINDOWS\SYSTEM32\WINMM.dll
0x00007fffbc180000 - 0x00007fffbc187000 	C:\WINDOWS\system32\PSAPI.DLL
0x00007fffbc050000 - 0x00007fffbc0a8000 	C:\WINDOWS\system32\WS2_32.dll
0x00007fffb6d80000 - 0x00007fffb6daa000 	C:\WINDOWS\SYSTEM32\WINMMBASE.dll
0x00007fffbc0b0000 - 0x00007fffbc0b9000 	C:\WINDOWS\system32\NSI.dll
0x00007fffbb020000 - 0x00007fffbb06a000 	C:\WINDOWS\SYSTEM32\cfgmgr32.dll
0x00007fffb9de0000 - 0x00007fffb9e06000 	C:\WINDOWS\SYSTEM32\DEVOBJ.dll
0x0000000061380000 - 0x000000006138f000 	C:\Program Files\Java\jre7\bin\verify.dll
0x00000000610c0000 - 0x00000000610e8000 	C:\Program Files\Java\jre7\bin\java.dll
0x00000000610a0000 - 0x00000000610b5000 	C:\Program Files\Java\jre7\bin\zip.dll
0x0000000180000000 - 0x0000000180051000 	C:\Users\Kapil\Documents\dev\lwjgl-2.9.1\native\windows\lwjgl64.dll
0x00007fff9f970000 - 0x00007fff9fa91000 	C:\WINDOWS\SYSTEM32\OPENGL32.dll
0x00007fffb6de0000 - 0x00007fffb6dea000 	C:\WINDOWS\SYSTEM32\VERSION.dll
0x00007fff9f940000 - 0x00007fff9f96c000 	C:\WINDOWS\SYSTEM32\GLU32.dll
0x00007fff9f840000 - 0x00007fff9f934000 	C:\WINDOWS\SYSTEM32\DDRAW.dll
0x00007fff9f830000 - 0x00007fff9f839000 	C:\WINDOWS\SYSTEM32\DCIMAN32.dll
0x00007fffb9c60000 - 0x00007fffb9d82000 	C:\WINDOWS\system32\uxtheme.dll
0x00007fffae6f0000 - 0x00007fffae6f8000 	c:\PROGRA~2\mcafee\SITEAD~1\x64\saHook.dll
0x00007fffbc0c0000 - 0x00007fffbc177000 	C:\WINDOWS\system32\OLEAUT32.dll
0x00007fffb9640000 - 0x00007fffb9661000 	C:\WINDOWS\system32\dwmapi.dll
0x000000005cc20000 - 0x000000005e94b000 	C:\WINDOWS\SYSTEM32\nvoglv64.DLL
0x00007fffbd9e0000 - 0x00007fffbdbb6000 	C:\WINDOWS\system32\SETUPAPI.dll
0x00007fffbb120000 - 0x00007fffbb16e000 	C:\WINDOWS\system32\WINTRUST.dll
0x00007fffbb170000 - 0x00007fffbb347000 	C:\WINDOWS\system32\CRYPT32.dll
0x00007fffbb000000 - 0x00007fffbb012000 	C:\WINDOWS\system32\MSASN1.dll
0x00007fffb3680000 - 0x00007fffb36b0000 	C:\WINDOWS\SYSTEM32\ntmarta.dll
0x00007fffbaef0000 - 0x00007fffbaf35000 	C:\WINDOWS\SYSTEM32\powrprof.dll
0x00007fffb9c20000 - 0x00007fffb9c2a000 	C:\WINDOWS\SYSTEM32\kernel.appcore.dll
0x00007fffbadc0000 - 0x00007fffbadca000 	C:\WINDOWS\SYSTEM32\CRYPTBASE.dll
0x00007fffbad60000 - 0x00007fffbadbe000 	C:\WINDOWS\SYSTEM32\bcryptPrimitives.dll
0x00007fffb8850000 - 0x00007fffb88dd000 	C:\WINDOWS\SYSTEM32\mscms.dll
0x00007fffa0340000 - 0x00007fffa0381000 	C:\WINDOWS\SYSTEM32\icm32.dll
0x0000000060880000 - 0x0000000060899000 	C:\Program Files\Java\jre7\bin\net.dll
0x00007fffba7b0000 - 0x00007fffba808000 	C:\WINDOWS\system32\mswsock.dll
0x0000000060860000 - 0x0000000060871000 	C:\Program Files\Java\jre7\bin\nio.dll
0x00000000606c0000 - 0x0000000060855000 	C:\Program Files\Java\jre7\bin\awt.dll
0x00007fffba810000 - 0x00007fffba82e000 	C:\WINDOWS\SYSTEM32\CRYPTSP.dll
0x00007fffba450000 - 0x00007fffba485000 	C:\WINDOWS\system32\rsaenh.dll
0x00007fffbaa40000 - 0x00007fffbaa66000 	C:\WINDOWS\SYSTEM32\bcrypt.dll
0x00007fffaa940000 - 0x00007fffaa954000 	C:\WINDOWS\system32\napinsp.dll
0x00007fffa94f0000 - 0x00007fffa9509000 	C:\WINDOWS\system32\pnrpnsp.dll
0x00007fffb6760000 - 0x00007fffb6779000 	C:\WINDOWS\system32\NLAapi.dll
0x00007fffba5c0000 - 0x00007fffba663000 	C:\WINDOWS\SYSTEM32\DNSAPI.dll
0x00007fffa94e0000 - 0x00007fffa94ec000 	C:\WINDOWS\System32\winrnr.dll
0x00007fffa94c0000 - 0x00007fffa94d3000 	C:\WINDOWS\system32\wshbth.dll
0x00007fffab460000 - 0x00007fffab469000 	C:\Windows\System32\rasadhlp.dll
0x00007fffb4960000 - 0x00007fffb4989000 	C:\WINDOWS\SYSTEM32\IPHLPAPI.DLL
0x00007fffb4940000 - 0x00007fffb494a000 	C:\WINDOWS\SYSTEM32\WINNSI.DLL
0x00007fffb4580000 - 0x00007fffb45e7000 	C:\WINDOWS\System32\fwpuclnt.dll
0x0000000060690000 - 0x00000000606c0000 	C:\Program Files\Java\jre7\bin\jpeg.dll
0x00007fffa50e0000 - 0x00007fffa5268000 	C:\WINDOWS\SYSTEM32\dbghelp.dll

VM Arguments:
jvm_args: -Djava.library.path=C:\Users\Kapil\Documents\dev\lwjgl-2.9.1\native\windows -Dfile.encoding=Cp1252 
java_command: prototype.PrototypeGLContext
Launcher Type: SUN_STANDARD

Environment Variables:
PATH=C:/Program Files/Java/jdk1.7.0_45/bin/../jre/bin/server;C:/Program Files/Java/jdk1.7.0_45/bin/../jre/bin;C:/Program Files/Java/jdk1.7.0_45/bin/../jre/lib/amd64;C:\Program Files\Java\jdk1.7.0_45\bin;C:\Program Files (x86)\NVIDIA Corporation\PhysX\Common;C:\Program Files (x86)\Intel\iCLS Client\;C:\Program Files\Intel\iCLS Client\;C:\WINDOWS\system32;C:\WINDOWS;C:\WINDOWS\System32\Wbem;C:\WINDOWS\System32\WindowsPowerShell\v1.0\;C:\Program Files (x86)\Windows Live\Shared;C:\Program Files\Intel\Intel(R) Management Engine Components\DAL;C:\Program Files\Intel\Intel(R) Management Engine Components\IPT;C:\Program Files (x86)\Intel\Intel(R) Management Engine Components\DAL;C:\Program Files (x86)\Intel\Intel(R) Management Engine Components\IPT;C:\Program Files\Microsoft\Web Platform Installer\;C:\Program Files\Microsoft SQL Server\110\Tools\Binn\;C:\Program Files (x86)\Windows Kits\8.1\Windows Performance Toolkit\;C:\Program Files (x86)\Microsoft SDKs\TypeScript\;C:\Users\Kapil\Desktop\eclipse;
USERNAME=Kapil
OS=Windows_NT
PROCESSOR_IDENTIFIER=Intel64 Family 6 Model 60 Stepping 3, GenuineIntel



---------------  S Y S T E M  ---------------

OS: Windows 8 , 64 bit Build 9200 

CPU:total 8 (4 cores per cpu, 2 threads per core) family 6 model 60 stepping 3, cmov, cx8, fxsr, mmx, sse, sse2, sse3, ssse3, sse4.1, sse4.2, popcnt, avx, avx2, aes, erms, ht, tsc, tscinvbit

Memory: 4k page, physical 16692712k(11910196k free), swap 19183080k(13382028k free)

vm_info: Java HotSpot(TM) 64-Bit Server VM (24.45-b08) for windows-amd64 JRE (1.7.0_45-b18), built on Oct  8 2013 05:47:22 by "java_re" with unknown MS VC++:1600

time: Wed Jan 08 16:32:38 2014
elapsed time: 0 seconds

